<?xml version="1.0" encoding="UTF-8"?>
<!-- Generated by org.testng.reporters.JUnitReportReporter -->
<testsuite skipped="0" hostname="CaesarPalace" name="testngparallel.FirstNg" tests="4" failures="0" timestamp="2019-03-12T23:56:49 IST" time="16.035" errors="0">
  <testcase name="f1" time="4.006" classname="testngparallel.FirstNg"/>
  <testcase name="f1" time="4.014" classname="testngparallel.FirstNg"/>
  <testcase name="f1" time="4.003" classname="testngparallel.FirstNg"/>
  <testcase name="f1" time="4.012" classname="testngparallel.FirstNg"/>
</testsuite> <!-- testngparallel.FirstNg -->
