<?xml version="1.0" encoding="UTF-8"?>
<!-- Generated by org.testng.reporters.JUnitReportReporter -->
<testsuite skipped="0" hostname="CaesarPalace" name="runner.Default" tests="12" failures="0" timestamp="19 Mar 2019 18:47:56 GMT" time="50.805" errors="0">
  <testcase name="runScenario" time="4.298" classname="runner.Default"/>
  <testcase name="runScenario" time="4.274" classname="runner.Default"/>
  <testcase name="runScenario" time="4.003" classname="runner.Default"/>
  <testcase name="runScenario" time="4.257" classname="runner.Default"/>
  <testcase name="runScenario" time="4.287" classname="runner.Default"/>
  <testcase name="runScenario" time="4.281" classname="runner.Default"/>
  <testcase name="runScenario" time="4.302" classname="runner.Default"/>
  <testcase name="runScenario" time="4.300" classname="runner.Default"/>
  <testcase name="runScenario" time="4.264" classname="runner.Default"/>
  <testcase name="runScenario" time="4.280" classname="runner.Default"/>
  <testcase name="runScenario" time="4.006" classname="runner.Default"/>
  <testcase name="runScenario" time="4.253" classname="runner.Default"/>
</testsuite> <!-- runner.Default -->
