<?xml version="1.0" encoding="UTF-8"?>
<!-- Generated by org.testng.reporters.JUnitReportReporter -->
<testsuite skipped="0" hostname="CaesarPalace" name="testngparallel.SecondNg" tests="4" failures="0" timestamp="2019-03-12T23:56:49 IST" time="16.025" errors="0">
  <testcase name="f22" time="4.003" classname="testngparallel.SecondNg"/>
  <testcase name="f22" time="4.002" classname="testngparallel.SecondNg"/>
  <testcase name="f22" time="4.009" classname="testngparallel.SecondNg"/>
  <testcase name="f22" time="4.011" classname="testngparallel.SecondNg"/>
</testsuite> <!-- testngparallel.SecondNg -->
